<?xml version="1.0" encoding="utf-8"?><testsuites><testsuite name="pytest" errors="0" failures="0" skipped="0" tests="4" time="29.108" timestamp="2023-09-22T22:15:32.416549" hostname="Fabian"><testcase classname="tests.model.test_model.TestModel" name="test_model_fit" time="3.944" /><testcase classname="tests.model.test_model.TestModel" name="test_model_predict" time="4.006" /><testcase classname="tests.model.test_model.TestModel" name="test_model_preprocess_for_serving" time="0.207" /><testcase classname="tests.model.test_model.TestModel" name="test_model_preprocess_for_training" time="3.830" /></testsuite></testsuites>