<?xml version="1.0" encoding="utf-8"?><testsuites><testsuite name="pytest" errors="0" failures="0" skipped="0" tests="4" time="15.409" timestamp="2023-09-22T21:39:44.373976" hostname="Fabian"><testcase classname="tests.api.test_api.TestBatchPipeline" name="test_should_failed_unkown_column_1" time="0.441" /><testcase classname="tests.api.test_api.TestBatchPipeline" name="test_should_failed_unkown_column_2" time="0.195" /><testcase classname="tests.api.test_api.TestBatchPipeline" name="test_should_failed_unkown_column_3" time="0.214" /><testcase classname="tests.api.test_api.TestBatchPipeline" name="test_should_get_predict" time="0.262" /></testsuite></testsuites>