<?xml version="1.0" encoding="utf-8"?><testsuites><testsuite name="pytest" errors="0" failures="0" skipped="0" tests="4" time="28.774" timestamp="2023-09-22T14:53:26.546338" hostname="Fabian"><testcase classname="tests.model.test_model.TestModel" name="test_model_fit" time="3.997" /><testcase classname="tests.model.test_model.TestModel" name="test_model_predict" time="3.958" /><testcase classname="tests.model.test_model.TestModel" name="test_model_preprocess_for_serving" time="3.765" /><testcase classname="tests.model.test_model.TestModel" name="test_model_preprocess_for_training" time="3.848" /></testsuite></testsuites>